<?xml version="1.0" encoding="UTF-8"?>
<!-- Generated by org.testng.reporters.JUnitReportReporter -->
<testsuite hostname="DESKTOP-TDGKHGS" failures="0" tests="1" name="com.demoblaze.comcast.productstore.ProuctStoreTest" time="34.772" errors="0" timestamp="2022-04-20T19:30:09 IST" skipped="0">
  <testcase classname="com.demoblaze.comcast.productstore.ProuctStoreTest" name="productTest" time="34.772"/>
  <system-out/>
</testsuite> <!-- com.demoblaze.comcast.productstore.ProuctStoreTest -->
